-------------------------------------------------------------------------------
Test set: com.playtomic.tests.wallet.service.impl.StripeServiceTest
-------------------------------------------------------------------------------
Tests run: 2, Failures: 1, Errors: 1, Skipped: 0, Time elapsed: 0.681 s <<< FAILURE! - in com.playtomic.tests.wallet.service.impl.StripeServiceTest
test_ok  Time elapsed: 0.201 s  <<< ERROR!
org.springframework.web.client.ResourceAccessException: I/O error on POST request for "http://how-would-you-test-me.localhost": Connection refused; nested exception is java.net.ConnectException: Connection refused
	at com.playtomic.tests.wallet.service.impl.StripeServiceTest.test_ok(StripeServiceTest.java:34)
Caused by: java.net.ConnectException: Connection refused
	at com.playtomic.tests.wallet.service.impl.StripeServiceTest.test_ok(StripeServiceTest.java:34)

test_exception  Time elapsed: 0.019 s  <<< FAILURE!
org.opentest4j.AssertionFailedError: Unexpected exception type thrown ==> expected: <com.playtomic.tests.wallet.service.StripeAmountTooSmallException> but was: <org.springframework.web.client.ResourceAccessException>
	at com.playtomic.tests.wallet.service.impl.StripeServiceTest.test_exception(StripeServiceTest.java:27)
Caused by: org.springframework.web.client.ResourceAccessException: I/O error on POST request for "http://how-would-you-test-me.localhost": Connection refused; nested exception is java.net.ConnectException: Connection refused
	at com.playtomic.tests.wallet.service.impl.StripeServiceTest.lambda$test_exception$0(StripeServiceTest.java:28)
	at com.playtomic.tests.wallet.service.impl.StripeServiceTest.test_exception(StripeServiceTest.java:27)
Caused by: java.net.ConnectException: Connection refused
	at com.playtomic.tests.wallet.service.impl.StripeServiceTest.lambda$test_exception$0(StripeServiceTest.java:28)
	at com.playtomic.tests.wallet.service.impl.StripeServiceTest.test_exception(StripeServiceTest.java:27)

